Using pre-set license
Built from '2020.3/staging' branch; Version is '2020.3.48f1 (b805b124c6b7) revision 12060081'; Using compiler version '192528614'; Build Type 'Release'
OS: 'Windows 11  (10.0.22631) 64bit Core' Language: 'en' Physical Memory: 16253 MB
BatchMode: 1, IsHumanControllingUs: 0, StartBugReporterOnCrash: 0, Is64bit: 1, IsPro: 0

COMMAND LINE ARGUMENTS:
C:\Program Files\Unity\Hub\Editor\2020.3.48f1\Editor\Unity.exe
-adb2
-batchMode
-noUpm
-name
AssetImportWorker0
-projectPath
D:/DISCO (D)/UNIVALLE/4째to Semestre/Game Development/UnityProyetcs/ChaosDuos/Chaos-Duo
-logFile
Logs/AssetImportWorker0.log
-srvPort
51339
Successfully changed project path to: D:/DISCO (D)/UNIVALLE/4째to Semestre/Game Development/UnityProyetcs/ChaosDuos/Chaos-Duo
D:/DISCO (D)/UNIVALLE/4째to Semestre/Game Development/UnityProyetcs/ChaosDuos/Chaos-Duo
Using Asset Import Pipeline V2.
Player connection [9484] Host "[IP] 192.168.100.18 [Port] 805523936 [Flags] 2 [Guid] 610137094 [EditorId] 610137094 [Version] 1048832 [Id] WindowsEditor(7,LAPTOP-U2VCI4AJ) [Debug] 1 [PackageName] WindowsEditor [ProjectName] Editor" joined multi-casting on [225.0.0.222:54997]...

Player connection [9484] Host "[IP] 192.168.100.18 [Port] 805523936 [Flags] 2 [Guid] 610137094 [EditorId] 610137094 [Version] 1048832 [Id] WindowsEditor(7,LAPTOP-U2VCI4AJ) [Debug] 1 [PackageName] WindowsEditor [ProjectName] Editor" joined alternative multi-casting on [225.0.0.222:34997]...

Refreshing native plugins compatible for Editor in 45.31 ms, found 3 plugins.
Preloading 0 native plugins for Editor in 0.00 ms.
Initialize engine version: 2020.3.48f1 (b805b124c6b7)
[Subsystems] Discovering subsystems at path C:/Program Files/Unity/Hub/Editor/2020.3.48f1/Editor/Data/Resources/UnitySubsystems
[Subsystems] Discovering subsystems at path D:/DISCO (D)/UNIVALLE/4째to Semestre/Game Development/UnityProyetcs/ChaosDuos/Chaos-Duo/Assets
GfxDevice: creating device client; threaded=0
Direct3D:
    Version:  Direct3D 11.0 [level 11.1]
    Renderer: NVIDIA GeForce GTX 1660 Ti (ID=0x2191)
    Vendor:   
    VRAM:     5966 MB
    Driver:   32.0.15.6590
Initialize mono
Mono path[0] = 'C:/Program Files/Unity/Hub/Editor/2020.3.48f1/Editor/Data/Managed'
Mono path[1] = 'C:/Program Files/Unity/Hub/Editor/2020.3.48f1/Editor/Data/MonoBleedingEdge/lib/mono/unityjit'
Mono config path = 'C:/Program Files/Unity/Hub/Editor/2020.3.48f1/Editor/Data/MonoBleedingEdge/etc'
Using monoOptions --debugger-agent=transport=dt_socket,embedding=1,server=y,suspend=n,address=127.0.0.1:56408
Begin MonoManager ReloadAssembly
Registering precompiled unity dll's ...
Register platform support module: C:/Program Files/Unity/Hub/Editor/2020.3.48f1/Editor/Data/PlaybackEngines/WindowsStandaloneSupport/UnityEditor.WindowsStandalone.Extensions.dll
Registered in 0.001603 seconds.
Native extension for WindowsStandalone target not found
Refreshing native plugins compatible for Editor in 45.12 ms, found 3 plugins.
Preloading 0 native plugins for Editor in 0.00 ms.
Mono: successfully reloaded assembly
- Completed reload, in  0.566 seconds
Domain Reload Profiling:
	ReloadAssembly (566ms)
		BeginReloadAssembly (61ms)
			ExecutionOrderSort (0ms)
			DisableScriptedObjects (0ms)
			BackupInstance (0ms)
			ReleaseScriptingObjects (0ms)
			CreateAndSetChildDomain (1ms)
		EndReloadAssembly (439ms)
			LoadAssemblies (60ms)
			RebuildTransferFunctionScriptingTraits (0ms)
			SetupTypeCache (132ms)
			ReleaseScriptCaches (0ms)
			RebuildScriptCaches (28ms)
			SetupLoadedEditorAssemblies (181ms)
				LogAssemblyErrors (0ms)
				InitializePlatformSupportModulesInManaged (4ms)
				SetLoadedEditorAssemblies (0ms)
				RefreshPlugins (45ms)
				BeforeProcessingInitializeOnLoad (13ms)
				ProcessInitializeOnLoadAttributes (89ms)
				ProcessInitializeOnLoadMethodAttributes (30ms)
				AfterProcessingInitializeOnLoad (0ms)
				EditorAssembliesLoaded (0ms)
			ExecutionOrderSort2 (0ms)
			AwakeInstancesAfterBackupRestoration (0ms)
Platform modules already initialized, skipping
Registering precompiled user dll's ...
Registered in 0.002224 seconds.
Begin MonoManager ReloadAssembly
Native extension for WindowsStandalone target not found
Refreshing native plugins compatible for Editor in 44.14 ms, found 3 plugins.
Preloading 0 native plugins for Editor in 0.00 ms.
Mono: successfully reloaded assembly
- Completed reload, in  1.146 seconds
Domain Reload Profiling:
	ReloadAssembly (1147ms)
		BeginReloadAssembly (138ms)
			ExecutionOrderSort (0ms)
			DisableScriptedObjects (4ms)
			BackupInstance (0ms)
			ReleaseScriptingObjects (0ms)
			CreateAndSetChildDomain (20ms)
		EndReloadAssembly (953ms)
			LoadAssemblies (89ms)
			RebuildTransferFunctionScriptingTraits (0ms)
			SetupTypeCache (352ms)
			ReleaseScriptCaches (0ms)
			RebuildScriptCaches (49ms)
			SetupLoadedEditorAssemblies (360ms)
				LogAssemblyErrors (0ms)
				InitializePlatformSupportModulesInManaged (3ms)
				SetLoadedEditorAssemblies (0ms)
				RefreshPlugins (44ms)
				BeforeProcessingInitializeOnLoad (76ms)
				ProcessInitializeOnLoadAttributes (215ms)
				ProcessInitializeOnLoadMethodAttributes (16ms)
				AfterProcessingInitializeOnLoad (6ms)
				EditorAssembliesLoaded (0ms)
			ExecutionOrderSort2 (0ms)
			AwakeInstancesAfterBackupRestoration (2ms)
Platform modules already initialized, skipping
========================================================================
Worker process is ready to serve import requests
Launched and connected shader compiler UnityShaderCompiler.exe after 0.07 seconds
Refreshing native plugins compatible for Editor in 0.57 ms, found 3 plugins.
Preloading 0 native plugins for Editor in 0.00 ms.
Unloading 2085 Unused Serialized files (Serialized files now loaded: 0)
System memory in use before: 96.5 MB.
System memory in use after: 96.6 MB.

Unloading 25 unused Assets to reduce memory usage. Loaded Objects now: 2525.
Total: 3.895200 ms (FindLiveObjects: 0.275300 ms CreateObjectMapping: 0.070100 ms MarkObjects: 3.447800 ms  DeleteObjects: 0.099600 ms)

AssetImportParameters requested are different than current active one (requested -> active):
  custom:framework-win-MediaFoundation: 216162199b28c13a410421893ffa2e32 -> 
  custom:video-decoder-ogg-theora: a1e56fd34408186e4bbccfd4996cb3dc -> 
  custom:container-muxer-webm: aa71ff27fc2769a1b78a27578f13a17b -> 
  custom:container-demuxer-webm: 4f35f7cbe854078d1ac9338744f61a02 -> 
  custom:container-demuxer-ogg: 62fdf1f143b41e24485cea50d1cbac27 -> 
  custom:video-encoder-webm-vp8: eb34c28f22e8b96e1ab97ce403110664 -> 
  custom:video-codec-MediaFoundation-h265: 746d11721c4dcdbdad8f713fa42b33f4 -> 
  custom:video-decoder-webm-vp8: 9c59270c3fd7afecdb556c50c9e8de78 -> 
  custom:audio-decoder-ogg-vorbis: bf7c407c2cedff20999df2af8eb42d56 -> 
  custom:audio-encoder-webm-vorbis: bf7c407c2cedff20999df2af8eb42d56 -> 
========================================================================
Received Import Request.
  path: Assets/00_Scenes/Level1.unity
  artifactKey: Guid(ad871423490f326459a8f3577e98506b) Importer(815301076,1909f56bfc062723c751e8b465ee728b)
Start importing Assets/00_Scenes/Level1.unity using Guid(ad871423490f326459a8f3577e98506b) Importer(815301076,1909f56bfc062723c751e8b465ee728b)  -> (artifact id: 'c12a44cf507da8468324cb97ffcfb57e') in 0.012871 seconds 
========================================================================
Received Import Request.
  Time since last request: 9.410436 seconds.
  path: Assets/00_Scenes/Level2.unity
  artifactKey: Guid(44215d15f621c8e4b914a323fce4a5f7) Importer(815301076,1909f56bfc062723c751e8b465ee728b)
Start importing Assets/00_Scenes/Level2.unity using Guid(44215d15f621c8e4b914a323fce4a5f7) Importer(815301076,1909f56bfc062723c751e8b465ee728b)  -> (artifact id: 'f4137c366da06f77a4103237b57a87e8') in 0.008414 seconds 
========================================================================
Received Import Request.
  Time since last request: 3.952279 seconds.
  path: Assets/00_Scenes/Level3.unity
  artifactKey: Guid(e91893284f6415c4fab0a47fe212b71b) Importer(815301076,1909f56bfc062723c751e8b465ee728b)
Start importing Assets/00_Scenes/Level3.unity using Guid(e91893284f6415c4fab0a47fe212b71b) Importer(815301076,1909f56bfc062723c751e8b465ee728b)  -> (artifact id: 'e25191c1aee82d96c546f509e9106250') in 0.008267 seconds 
========================================================================
Received Import Request.
  Time since last request: 1.697480 seconds.
  path: Assets/00_Scenes/Level4.unity
  artifactKey: Guid(1111955550b27694eb8812cbe65a6cd6) Importer(815301076,1909f56bfc062723c751e8b465ee728b)
Start importing Assets/00_Scenes/Level4.unity using Guid(1111955550b27694eb8812cbe65a6cd6) Importer(815301076,1909f56bfc062723c751e8b465ee728b)  -> (artifact id: 'aea0a5eb5396371c303cb1016de4e625') in 0.007400 seconds 
========================================================================
Received Import Request.
  Time since last request: 1.098914 seconds.
  path: Assets/00_Scenes/Level5.unity
  artifactKey: Guid(fa8ecc1cb734ab84bb296b831f994190) Importer(815301076,1909f56bfc062723c751e8b465ee728b)
Start importing Assets/00_Scenes/Level5.unity using Guid(fa8ecc1cb734ab84bb296b831f994190) Importer(815301076,1909f56bfc062723c751e8b465ee728b)  -> (artifact id: '721ddaf3b8d4a4aaf56be807163f9cf7') in 0.009437 seconds 
AssetImportWorkerClient::OnTransportError - code=2 error=End of file
